Using pre-set license
Built from '2020.3/staging' branch; Version is '2020.3.16f1 (049d6eca3c44) revision 302446'; Using compiler version '192528614'; Build Type 'Release'
OS: 'Windows 10 Home Single Language; OS build 22454.1000; Version 2009; 64bit' Language: 'en' Physical Memory: 15731 MB
BatchMode: 1, IsHumanControllingUs: 0, StartBugReporterOnCrash: 0, Is64bit: 1, IsPro: 0

 COMMAND LINE ARGUMENTS:
C:\Program Files\Unity\Hub\Editor\2020.3.16f1\Editor\Unity.exe
-adb2
-batchMode
-noUpm
-name
AssetImportWorker0
-projectPath
C:/Users/bagas/OneDrive - Institut Teknologi Sepuluh Nopember/Dokumen/GitHub/pkm/Tower-Defense/Tower Defense
-logFile
Logs/AssetImportWorker0.log
-srvPort
60025
Successfully changed project path to: C:/Users/bagas/OneDrive - Institut Teknologi Sepuluh Nopember/Dokumen/GitHub/pkm/Tower-Defense/Tower Defense
C:/Users/bagas/OneDrive - Institut Teknologi Sepuluh Nopember/Dokumen/GitHub/pkm/Tower-Defense/Tower Defense
Using Asset Import Pipeline V2.
Refreshing native plugins compatible for Editor in 57.29 ms, found 2 plugins.
Preloading 0 native plugins for Editor in 0.00 ms.
Initialize engine version: 2020.3.16f1 (049d6eca3c44)
[Subsystems] Discovering subsystems at path C:/Program Files/Unity/Hub/Editor/2020.3.16f1/Editor/Data/Resources/UnitySubsystems
[Subsystems] Discovering subsystems at path C:/Users/bagas/OneDrive - Institut Teknologi Sepuluh Nopember/Dokumen/GitHub/pkm/Tower-Defense/Tower Defense/Assets
GfxDevice: creating device client; threaded=0
Direct3D:
    Version:  Direct3D 11.0 [level 11.1]
    Renderer: NVIDIA GeForce RTX 2060 (ID=0x1f15)
    Vendor:   
    VRAM:     5980 MB
    Driver:   27.21.14.6280
Initialize mono
Mono path[0] = 'C:/Program Files/Unity/Hub/Editor/2020.3.16f1/Editor/Data/Managed'
Mono path[1] = 'C:/Program Files/Unity/Hub/Editor/2020.3.16f1/Editor/Data/MonoBleedingEdge/lib/mono/unityjit'
Mono config path = 'C:/Program Files/Unity/Hub/Editor/2020.3.16f1/Editor/Data/MonoBleedingEdge/etc'
Using monoOptions --debugger-agent=transport=dt_socket,embedding=1,server=y,suspend=n,address=127.0.0.1:56748
Begin MonoManager ReloadAssembly
Registering precompiled unity dll's ...
Register platform support module: C:/Program Files/Unity/Hub/Editor/2020.3.16f1/Editor/Data/PlaybackEngines/WebGLSupport/UnityEditor.WebGL.Extensions.dll
Register platform support module: C:/Program Files/Unity/Hub/Editor/2020.3.16f1/Editor/Data/PlaybackEngines/WindowsStandaloneSupport/UnityEditor.WindowsStandalone.Extensions.dll
Registered in 0.002083 seconds.
Native extension for WindowsStandalone target not found
Native extension for WebGL target not found
Refreshing native plugins compatible for Editor in 60.03 ms, found 2 plugins.
Preloading 0 native plugins for Editor in 0.00 ms.
Mono: successfully reloaded assembly
- Completed reload, in  1.281 seconds
Domain Reload Profiling:
	ReloadAssembly (1282ms)
		BeginReloadAssembly (56ms)
			ExecutionOrderSort (0ms)
			DisableScriptedObjects (0ms)
			BackupInstance (0ms)
			ReleaseScriptingObjects (0ms)
			CreateAndSetChildDomain (1ms)
		EndReloadAssembly (448ms)
			LoadAssemblies (54ms)
			RebuildTransferFunctionScriptingTraits (0ms)
			SetupTypeCache (142ms)
			ReleaseScriptCaches (0ms)
			RebuildScriptCaches (33ms)
			SetupLoadedEditorAssemblies (203ms)
				LogAssemblyErrors (0ms)
				InitializePlatformSupportModulesInManaged (6ms)
				SetLoadedEditorAssemblies (0ms)
				RefreshPlugins (60ms)
				BeforeProcessingInitializeOnLoad (10ms)
				ProcessInitializeOnLoadAttributes (92ms)
				ProcessInitializeOnLoadMethodAttributes (34ms)
				AfterProcessingInitializeOnLoad (0ms)
				EditorAssembliesLoaded (0ms)
			ExecutionOrderSort2 (0ms)
			AwakeInstancesAfterBackupRestoration (0ms)
Platform modules already initialized, skipping
Registering precompiled user dll's ...
Registered in 0.005686 seconds.
Begin MonoManager ReloadAssembly
Native extension for WindowsStandalone target not found
Native extension for WebGL target not found
Refreshing native plugins compatible for Editor in 0.65 ms, found 2 plugins.
Preloading 0 native plugins for Editor in 0.00 ms.
Mono: successfully reloaded assembly
- Completed reload, in  1.197 seconds
Domain Reload Profiling:
	ReloadAssembly (1198ms)
		BeginReloadAssembly (155ms)
			ExecutionOrderSort (0ms)
			DisableScriptedObjects (5ms)
			BackupInstance (0ms)
			ReleaseScriptingObjects (0ms)
			CreateAndSetChildDomain (22ms)
		EndReloadAssembly (969ms)
			LoadAssemblies (109ms)
			RebuildTransferFunctionScriptingTraits (0ms)
			SetupTypeCache (285ms)
			ReleaseScriptCaches (1ms)
			RebuildScriptCaches (57ms)
			SetupLoadedEditorAssemblies (429ms)
				LogAssemblyErrors (0ms)
				InitializePlatformSupportModulesInManaged (6ms)
				SetLoadedEditorAssemblies (0ms)
				RefreshPlugins (1ms)
				BeforeProcessingInitializeOnLoad (67ms)
				ProcessInitializeOnLoadAttributes (310ms)
				ProcessInitializeOnLoadMethodAttributes (39ms)
				AfterProcessingInitializeOnLoad (5ms)
				EditorAssembliesLoaded (0ms)
			ExecutionOrderSort2 (0ms)
			AwakeInstancesAfterBackupRestoration (6ms)
Platform modules already initialized, skipping
========================================================================
Worker process is ready to serve import requests
Launched and connected shader compiler UnityShaderCompiler.exe after 0.14 seconds
Refreshing native plugins compatible for Editor in 0.73 ms, found 2 plugins.
Preloading 0 native plugins for Editor in 0.00 ms.
Unloading 1971 Unused Serialized files (Serialized files now loaded: 0)
System memory in use before: 83.3 MB.
System memory in use after: 83.4 MB.

Unloading 58 unused Assets to reduce memory usage. Loaded Objects now: 2373.
Total: 6.935600 ms (FindLiveObjects: 0.275100 ms CreateObjectMapping: 0.054200 ms MarkObjects: 6.479300 ms  DeleteObjects: 0.124700 ms)

AssetImportParameters requested are different than current active one (requested -> active):
  custom:framework-win-MediaFoundation: 216162199b28c13a410421893ffa2e32 -> 
  custom:video-decoder-ogg-theora: a1e56fd34408186e4bbccfd4996cb3dc -> 
  custom:container-muxer-webm: aa71ff27fc2769a1b78a27578f13a17b -> 
  custom:container-demuxer-webm: 4f35f7cbe854078d1ac9338744f61a02 -> 
  custom:container-demuxer-ogg: 62fdf1f143b41e24485cea50d1cbac27 -> 
  custom:video-encoder-webm-vp8: eb34c28f22e8b96e1ab97ce403110664 -> 
  custom:video-decoder-webm-vp8: 9c59270c3fd7afecdb556c50c9e8de78 -> 
  custom:audio-decoder-ogg-vorbis: bf7c407c2cedff20999df2af8eb42d56 -> 
  custom:audio-encoder-webm-vorbis: bf7c407c2cedff20999df2af8eb42d56 -> 
========================================================================
Received Import Request.
  path: Assets/Prefabs/Tower.prefab
  artifactKey: Guid(3efa158f4234c994ab97b0bef28aa3f0) Importer(815301076,1909f56bfc062723c751e8b465ee728b)
Start importing Assets/Prefabs/Tower.prefab using Guid(3efa158f4234c994ab97b0bef28aa3f0) Importer(815301076,1909f56bfc062723c751e8b465ee728b)  -> (artifact id: '44fd2932c853eae153535ed32a91ff1a') in 0.161822 seconds 
  Import took 0.165155 seconds .

========================================================================
Received Import Request.
  Time since last request: 0.000330 seconds.
  path: Assets/Prefabs
  artifactKey: Guid(ce8a4dbc52b286746be3105f8a9d78eb) Importer(815301076,1909f56bfc062723c751e8b465ee728b)
Start importing Assets/Prefabs using Guid(ce8a4dbc52b286746be3105f8a9d78eb) Importer(815301076,1909f56bfc062723c751e8b465ee728b)  -> (artifact id: 'a0d4b798cf56e445325de6094acf9edf') in 0.014840 seconds 
  Import took 0.017824 seconds .

========================================================================
Received Import Request.
  Time since last request: 0.000309 seconds.
  path: Assets/Prefabs/Bullet.prefab
  artifactKey: Guid(339a94788029ba24f8990981293a7e2f) Importer(815301076,1909f56bfc062723c751e8b465ee728b)
Start importing Assets/Prefabs/Bullet.prefab using Guid(339a94788029ba24f8990981293a7e2f) Importer(815301076,1909f56bfc062723c751e8b465ee728b)  -> (artifact id: '3401fd9f5e2068ede75f8af2b4a64230') in 0.027276 seconds 
  Import took 0.030474 seconds .

========================================================================
Received Import Request.
  Time since last request: 0.000255 seconds.
  path: Assets/Prefabs/Bullet 2.prefab
  artifactKey: Guid(0ba7a6ec0c208294d9fd3ca7befe40e5) Importer(815301076,1909f56bfc062723c751e8b465ee728b)
Start importing Assets/Prefabs/Bullet 2.prefab using Guid(0ba7a6ec0c208294d9fd3ca7befe40e5) Importer(815301076,1909f56bfc062723c751e8b465ee728b)  -> (artifact id: '2aa2bfa789dd081c5cd5ad6d11f4d10b') in 0.023550 seconds 
  Import took 0.026948 seconds .

========================================================================
Received Import Request.
  Time since last request: 0.000304 seconds.
  path: Assets/Prefabs/Eraser.prefab
  artifactKey: Guid(91f9509d5e348e041983d7816ca9806f) Importer(815301076,1909f56bfc062723c751e8b465ee728b)
Start importing Assets/Prefabs/Eraser.prefab using Guid(91f9509d5e348e041983d7816ca9806f) Importer(815301076,1909f56bfc062723c751e8b465ee728b)  -> (artifact id: '76fc9c5d5a5ffc86bec51d1d9d55b715') in 0.024325 seconds 
  Import took 0.027661 seconds .

========================================================================
Received Import Request.
  Time since last request: 0.000302 seconds.
  path: Assets/Prefabs/Tower 2.prefab
  artifactKey: Guid(85827e09cae4f7c43818791eb9d91144) Importer(815301076,1909f56bfc062723c751e8b465ee728b)
Start importing Assets/Prefabs/Tower 2.prefab using Guid(85827e09cae4f7c43818791eb9d91144) Importer(815301076,1909f56bfc062723c751e8b465ee728b)  -> (artifact id: '9efca8a2f8b687ddbb68dbfd502b8bd0') in 0.028373 seconds 
  Import took 0.032583 seconds .

========================================================================
Received Import Request.
  Time since last request: 0.000294 seconds.
  path: Assets/Prefabs/Bullet 1.prefab
  artifactKey: Guid(2e826dbaa60fbf248b462e6bfda0bec7) Importer(815301076,1909f56bfc062723c751e8b465ee728b)
Start importing Assets/Prefabs/Bullet 1.prefab using Guid(2e826dbaa60fbf248b462e6bfda0bec7) Importer(815301076,1909f56bfc062723c751e8b465ee728b)  -> (artifact id: '593e5b741a6874dd6bf9f53edb3e8e2b') in 0.026936 seconds 
  Import took 0.030439 seconds .

========================================================================
Received Import Request.
  Time since last request: 0.000289 seconds.
  path: Assets/Prefabs/Enemy.prefab
  artifactKey: Guid(491d70392c53dc44badae56c2db7976a) Importer(815301076,1909f56bfc062723c751e8b465ee728b)
Start importing Assets/Prefabs/Enemy.prefab using Guid(491d70392c53dc44badae56c2db7976a) Importer(815301076,1909f56bfc062723c751e8b465ee728b)  -> (artifact id: 'e333dd2641b3dcecec88153ccaaeb742') in 0.026356 seconds 
  Import took 0.029690 seconds .

========================================================================
Received Import Request.
  Time since last request: 0.000298 seconds.
  path: Assets/Prefabs/Enemy 2.prefab
  artifactKey: Guid(6c838b23d6f69154f83000e0a920f820) Importer(815301076,1909f56bfc062723c751e8b465ee728b)
Start importing Assets/Prefabs/Enemy 2.prefab using Guid(6c838b23d6f69154f83000e0a920f820) Importer(815301076,1909f56bfc062723c751e8b465ee728b)  -> (artifact id: '50a2b69d99c09775c6035639f3b0bc58') in 0.023985 seconds 
  Import took 0.028191 seconds .

========================================================================
Received Import Request.
  Time since last request: 0.000285 seconds.
  path: Assets/Prefabs/Enemy 1.prefab
  artifactKey: Guid(6132dd3298699274fa7868cffe8fba33) Importer(815301076,1909f56bfc062723c751e8b465ee728b)
Start importing Assets/Prefabs/Enemy 1.prefab using Guid(6132dd3298699274fa7868cffe8fba33) Importer(815301076,1909f56bfc062723c751e8b465ee728b)  -> (artifact id: '5c76b2562a2f1434249f90f9cc6fafbf') in 0.028652 seconds 
  Import took 0.032413 seconds .

========================================================================
Received Import Request.
  Time since last request: 0.000326 seconds.
  path: Assets/Prefabs/Tower UI.prefab
  artifactKey: Guid(5630f2639bbb0b048980a9d1487a9657) Importer(815301076,1909f56bfc062723c751e8b465ee728b)
Start importing Assets/Prefabs/Tower UI.prefab using Guid(5630f2639bbb0b048980a9d1487a9657) Importer(815301076,1909f56bfc062723c751e8b465ee728b)  -> (artifact id: 'c73db3d924175e496330b3cf73bae6e1') in 0.027059 seconds 
  Import took 0.030959 seconds .

========================================================================
Received Import Request.
  Time since last request: 0.000292 seconds.
  path: Assets/Prefabs/Tower 3.prefab
  artifactKey: Guid(7fde758c07f13384da1f329b624d6682) Importer(815301076,1909f56bfc062723c751e8b465ee728b)
Start importing Assets/Prefabs/Tower 3.prefab using Guid(7fde758c07f13384da1f329b624d6682) Importer(815301076,1909f56bfc062723c751e8b465ee728b)  -> (artifact id: 'a8c5856ea820ec86d85f2ac6cb639dab') in 0.028313 seconds 
  Import took 0.031632 seconds .

========================================================================
Received Import Request.
  Time since last request: 0.000302 seconds.
  path: Assets/Prefabs/Tower 1.prefab
  artifactKey: Guid(50648c9b06c5ef64b8eb62f00cfb5280) Importer(815301076,1909f56bfc062723c751e8b465ee728b)
Start importing Assets/Prefabs/Tower 1.prefab using Guid(50648c9b06c5ef64b8eb62f00cfb5280) Importer(815301076,1909f56bfc062723c751e8b465ee728b)  -> (artifact id: 'fed298c6655f3bc891913f39cf371620') in 0.026612 seconds 
  Import took 0.030665 seconds .

========================================================================
Received Prepare
Refreshing native plugins compatible for Editor in 13.67 ms, found 2 plugins.
Preloading 0 native plugins for Editor in 0.00 ms.
Unloading 47 Unused Serialized files (Serialized files now loaded: 0)
System memory in use before: 47.0 MB.
System memory in use after: 47.2 MB.

Unloading 47 unused Assets to reduce memory usage. Loaded Objects now: 2380.
Total: 7.136600 ms (FindLiveObjects: 0.244900 ms CreateObjectMapping: 0.052000 ms MarkObjects: 6.794500 ms  DeleteObjects: 0.043400 ms)

AssetImportParameters requested are different than current active one (requested -> active):
  custom:framework-win-MediaFoundation: 216162199b28c13a410421893ffa2e32 -> 
  custom:video-decoder-ogg-theora: a1e56fd34408186e4bbccfd4996cb3dc -> 
  custom:container-muxer-webm: aa71ff27fc2769a1b78a27578f13a17b -> 
  custom:container-demuxer-webm: 4f35f7cbe854078d1ac9338744f61a02 -> 
  custom:container-demuxer-ogg: 62fdf1f143b41e24485cea50d1cbac27 -> 
  custom:video-encoder-webm-vp8: eb34c28f22e8b96e1ab97ce403110664 -> 
  custom:video-decoder-webm-vp8: 9c59270c3fd7afecdb556c50c9e8de78 -> 
  custom:audio-decoder-ogg-vorbis: bf7c407c2cedff20999df2af8eb42d56 -> 
  custom:audio-encoder-webm-vorbis: bf7c407c2cedff20999df2af8eb42d56 -> 
